2023-12-27 08:41:44.905 INFO [main][StartupInfoLogger.java:50] - Starting Springboot01Application using Java 21.0.1 with PID 20288 (C:\Users\OkabeRintarou\IdeaProjects\SpringBootDemo\springboot_01\target\classes started by OkabeRintarou in C:\Users\OkabeRintarou\IdeaProjects\SpringBootDemo\springboot_01)
2023-12-27 08:41:44.910 INFO [main][SpringApplication.java:653] - No active profile set, falling back to 1 default profile: "default"
2023-12-27 08:41:45.376 INFO [main][RepositoryConfigurationDelegate.java:292] - Multiple Spring Data modules found, entering strict repository configuration mode
2023-12-27 08:41:45.377 INFO [main][RepositoryConfigurationDelegate.java:139] - Bootstrapping Spring Data Redis repositories in DEFAULT mode.
2023-12-27 08:41:45.396 INFO [main][RepositoryConfigurationDelegate.java:208] - Finished Spring Data repository scanning in 3 ms. Found 0 Redis repository interfaces.
2023-12-27 08:41:45.638 INFO [main][TomcatWebServer.java:108] - Tomcat initialized with port 8080 (http)
2023-12-27 08:41:45.643 INFO [main][DirectJDKLog.java:173] - Initializing ProtocolHandler ["http-nio-8080"]
2023-12-27 08:41:45.644 INFO [main][DirectJDKLog.java:173] - Starting service [Tomcat]
2023-12-27 08:41:45.644 INFO [main][DirectJDKLog.java:173] - Starting Servlet engine: [Apache Tomcat/10.1.16]
2023-12-27 08:41:45.693 INFO [main][DirectJDKLog.java:173] - Initializing Spring embedded WebApplicationContext
2023-12-27 08:41:45.693 INFO [main][ServletWebServerApplicationContext.java:296] - Root WebApplicationContext: initialization completed in 752 ms
2023-12-27 08:41:45.809 INFO [main][DirectJDKLog.java:173] - Stopping service [Tomcat]
2023-12-27 08:51:59.432 INFO [main][StartupInfoLogger.java:50] - Starting Springboot01Application using Java 21.0.1 with PID 15528 (C:\Users\OkabeRintarou\IdeaProjects\SpringBootDemo\springboot_01\target\classes started by OkabeRintarou in C:\Users\OkabeRintarou\IdeaProjects\SpringBootDemo\springboot_01)
2023-12-27 08:51:59.433 INFO [main][SpringApplication.java:653] - No active profile set, falling back to 1 default profile: "default"
2023-12-27 08:51:59.814 INFO [main][RepositoryConfigurationDelegate.java:292] - Multiple Spring Data modules found, entering strict repository configuration mode
2023-12-27 08:51:59.815 INFO [main][RepositoryConfigurationDelegate.java:139] - Bootstrapping Spring Data Redis repositories in DEFAULT mode.
2023-12-27 08:51:59.835 INFO [main][RepositoryConfigurationDelegate.java:208] - Finished Spring Data repository scanning in 3 ms. Found 0 Redis repository interfaces.
2023-12-27 08:52:00.060 INFO [main][TomcatWebServer.java:108] - Tomcat initialized with port 8080 (http)
2023-12-27 08:52:00.064 INFO [main][DirectJDKLog.java:173] - Initializing ProtocolHandler ["http-nio-8080"]
2023-12-27 08:52:00.065 INFO [main][DirectJDKLog.java:173] - Starting service [Tomcat]
2023-12-27 08:52:00.066 INFO [main][DirectJDKLog.java:173] - Starting Servlet engine: [Apache Tomcat/10.1.16]
2023-12-27 08:52:00.097 INFO [main][DirectJDKLog.java:173] - Initializing Spring embedded WebApplicationContext
2023-12-27 08:52:00.097 INFO [main][ServletWebServerApplicationContext.java:296] - Root WebApplicationContext: initialization completed in 635 ms
2023-12-27 08:52:00.365 INFO [main][DirectJDKLog.java:173] - Stopping service [Tomcat]
2023-12-27 08:52:45.674 INFO [main][StartupInfoLogger.java:50] - Starting Springboot01Application using Java 21.0.1 with PID 19616 (C:\Users\OkabeRintarou\IdeaProjects\SpringBootDemo\springboot_01\target\classes started by OkabeRintarou in C:\Users\OkabeRintarou\IdeaProjects\SpringBootDemo\springboot_01)
2023-12-27 08:52:45.675 INFO [main][SpringApplication.java:653] - No active profile set, falling back to 1 default profile: "default"
2023-12-27 08:52:46.041 INFO [main][RepositoryConfigurationDelegate.java:292] - Multiple Spring Data modules found, entering strict repository configuration mode
2023-12-27 08:52:46.042 INFO [main][RepositoryConfigurationDelegate.java:139] - Bootstrapping Spring Data Redis repositories in DEFAULT mode.
2023-12-27 08:52:46.064 INFO [main][RepositoryConfigurationDelegate.java:208] - Finished Spring Data repository scanning in 4 ms. Found 0 Redis repository interfaces.
2023-12-27 08:52:46.298 INFO [main][TomcatWebServer.java:108] - Tomcat initialized with port 8080 (http)
2023-12-27 08:52:46.303 INFO [main][DirectJDKLog.java:173] - Initializing ProtocolHandler ["http-nio-8080"]
2023-12-27 08:52:46.304 INFO [main][DirectJDKLog.java:173] - Starting service [Tomcat]
2023-12-27 08:52:46.304 INFO [main][DirectJDKLog.java:173] - Starting Servlet engine: [Apache Tomcat/10.1.16]
2023-12-27 08:52:46.339 INFO [main][DirectJDKLog.java:173] - Initializing Spring embedded WebApplicationContext
2023-12-27 08:52:46.339 INFO [main][ServletWebServerApplicationContext.java:296] - Root WebApplicationContext: initialization completed in 639 ms
2023-12-27 08:52:46.574 INFO [main][DirectJDKLog.java:173] - Stopping service [Tomcat]
2023-12-27 08:53:31.445 INFO [main][StartupInfoLogger.java:50] - Starting Springboot01Application using Java 21.0.1 with PID 14584 (C:\Users\OkabeRintarou\IdeaProjects\SpringBootDemo\springboot_01\target\classes started by OkabeRintarou in C:\Users\OkabeRintarou\IdeaProjects\SpringBootDemo\springboot_01)
2023-12-27 08:53:31.449 INFO [main][SpringApplication.java:653] - No active profile set, falling back to 1 default profile: "default"
2023-12-27 08:53:31.834 INFO [main][RepositoryConfigurationDelegate.java:292] - Multiple Spring Data modules found, entering strict repository configuration mode
2023-12-27 08:53:31.835 INFO [main][RepositoryConfigurationDelegate.java:139] - Bootstrapping Spring Data Redis repositories in DEFAULT mode.
2023-12-27 08:53:31.853 INFO [main][RepositoryConfigurationDelegate.java:208] - Finished Spring Data repository scanning in 5 ms. Found 0 Redis repository interfaces.
2023-12-27 08:53:32.124 INFO [main][TomcatWebServer.java:108] - Tomcat initialized with port 8080 (http)
2023-12-27 08:53:32.128 INFO [main][DirectJDKLog.java:173] - Initializing ProtocolHandler ["http-nio-8080"]
2023-12-27 08:53:32.129 INFO [main][DirectJDKLog.java:173] - Starting service [Tomcat]
2023-12-27 08:53:32.130 INFO [main][DirectJDKLog.java:173] - Starting Servlet engine: [Apache Tomcat/10.1.16]
2023-12-27 08:53:32.172 INFO [main][DirectJDKLog.java:173] - Initializing Spring embedded WebApplicationContext
2023-12-27 08:53:32.172 INFO [main][ServletWebServerApplicationContext.java:296] - Root WebApplicationContext: initialization completed in 693 ms
2023-12-27 08:53:32.360 INFO [main][DirectJDKLog.java:173] - Stopping service [Tomcat]
2023-12-27 08:57:39.113 INFO [main][StartupInfoLogger.java:50] - Starting Springboot01Application using Java 21.0.1 with PID 6908 (C:\Users\OkabeRintarou\IdeaProjects\SpringBootDemo\springboot_01\target\classes started by OkabeRintarou in C:\Users\OkabeRintarou\IdeaProjects\SpringBootDemo\springboot_01)
2023-12-27 08:57:39.118 INFO [main][SpringApplication.java:653] - No active profile set, falling back to 1 default profile: "default"
2023-12-27 08:57:39.510 INFO [main][RepositoryConfigurationDelegate.java:292] - Multiple Spring Data modules found, entering strict repository configuration mode
2023-12-27 08:57:39.512 INFO [main][RepositoryConfigurationDelegate.java:139] - Bootstrapping Spring Data Redis repositories in DEFAULT mode.
2023-12-27 08:57:39.528 INFO [main][RepositoryConfigurationDelegate.java:208] - Finished Spring Data repository scanning in 5 ms. Found 0 Redis repository interfaces.
2023-12-27 08:57:39.808 INFO [main][TomcatWebServer.java:108] - Tomcat initialized with port 8080 (http)
2023-12-27 08:57:39.812 INFO [main][DirectJDKLog.java:173] - Initializing ProtocolHandler ["http-nio-8080"]
2023-12-27 08:57:39.814 INFO [main][DirectJDKLog.java:173] - Starting service [Tomcat]
2023-12-27 08:57:39.814 INFO [main][DirectJDKLog.java:173] - Starting Servlet engine: [Apache Tomcat/10.1.16]
2023-12-27 08:57:39.859 INFO [main][DirectJDKLog.java:173] - Initializing Spring embedded WebApplicationContext
2023-12-27 08:57:39.859 INFO [main][ServletWebServerApplicationContext.java:296] - Root WebApplicationContext: initialization completed in 712 ms
2023-12-27 08:57:40.052 INFO [main][DirectJDKLog.java:173] - Stopping service [Tomcat]
2023-12-27 09:00:04.418 INFO [main][StartupInfoLogger.java:50] - Starting Springboot01Application using Java 21.0.1 with PID 26320 (C:\Users\OkabeRintarou\IdeaProjects\SpringBootDemo\springboot_01\target\classes started by OkabeRintarou in C:\Users\OkabeRintarou\IdeaProjects\SpringBootDemo\springboot_01)
2023-12-27 09:00:04.420 INFO [main][SpringApplication.java:653] - No active profile set, falling back to 1 default profile: "default"
2023-12-27 09:00:04.817 INFO [main][RepositoryConfigurationDelegate.java:292] - Multiple Spring Data modules found, entering strict repository configuration mode
2023-12-27 09:00:04.818 INFO [main][RepositoryConfigurationDelegate.java:139] - Bootstrapping Spring Data Redis repositories in DEFAULT mode.
2023-12-27 09:00:04.836 INFO [main][RepositoryConfigurationDelegate.java:208] - Finished Spring Data repository scanning in 5 ms. Found 0 Redis repository interfaces.
2023-12-27 09:00:05.119 INFO [main][TomcatWebServer.java:108] - Tomcat initialized with port 8080 (http)
2023-12-27 09:00:05.123 INFO [main][DirectJDKLog.java:173] - Initializing ProtocolHandler ["http-nio-8080"]
2023-12-27 09:00:05.125 INFO [main][DirectJDKLog.java:173] - Starting service [Tomcat]
2023-12-27 09:00:05.125 INFO [main][DirectJDKLog.java:173] - Starting Servlet engine: [Apache Tomcat/10.1.16]
2023-12-27 09:00:05.158 INFO [main][DirectJDKLog.java:173] - Initializing Spring embedded WebApplicationContext
2023-12-27 09:00:05.158 INFO [main][ServletWebServerApplicationContext.java:296] - Root WebApplicationContext: initialization completed in 709 ms
2023-12-27 09:00:05.929 INFO [main][DirectJDKLog.java:173] - Starting ProtocolHandler ["http-nio-8080"]
2023-12-27 09:00:05.935 INFO [main][TomcatWebServer.java:221] - Tomcat started on port 8080 (http) with context path ''
2023-12-27 09:00:05.944 INFO [main][StartupInfoLogger.java:56] - Started Springboot01Application in 1.7 seconds (process running for 2.179)
2023-12-27 09:00:18.027 INFO [http-nio-8080-exec-2][DirectJDKLog.java:173] - Initializing Spring DispatcherServlet 'dispatcherServlet'
2023-12-27 09:00:18.027 INFO [http-nio-8080-exec-2][FrameworkServlet.java:532] - Initializing Servlet 'dispatcherServlet'
2023-12-27 09:00:18.029 INFO [http-nio-8080-exec-2][FrameworkServlet.java:554] - Completed initialization in 2 ms
2023-12-27 09:00:18.325 INFO [http-nio-8080-exec-5][AbstractOpenApiResource.java:401] - Init duration for springdoc-openapi is: 146 ms
2023-12-27 09:09:37.222 INFO [main][StartupInfoLogger.java:50] - Starting Springboot01Application using Java 21.0.1 with PID 2772 (C:\Users\OkabeRintarou\IdeaProjects\SpringBootDemo\springboot_01\target\classes started by OkabeRintarou in C:\Users\OkabeRintarou\IdeaProjects\SpringBootDemo\springboot_01)
2023-12-27 09:09:37.223 INFO [main][SpringApplication.java:653] - No active profile set, falling back to 1 default profile: "default"
2023-12-27 09:09:37.607 INFO [main][RepositoryConfigurationDelegate.java:292] - Multiple Spring Data modules found, entering strict repository configuration mode
2023-12-27 09:09:37.608 INFO [main][RepositoryConfigurationDelegate.java:139] - Bootstrapping Spring Data Redis repositories in DEFAULT mode.
2023-12-27 09:09:37.626 INFO [main][RepositoryConfigurationDelegate.java:208] - Finished Spring Data repository scanning in 5 ms. Found 0 Redis repository interfaces.
2023-12-27 09:09:37.905 INFO [main][TomcatWebServer.java:108] - Tomcat initialized with port 8080 (http)
2023-12-27 09:09:37.909 INFO [main][DirectJDKLog.java:173] - Initializing ProtocolHandler ["http-nio-8080"]
2023-12-27 09:09:37.911 INFO [main][DirectJDKLog.java:173] - Starting service [Tomcat]
2023-12-27 09:09:37.911 INFO [main][DirectJDKLog.java:173] - Starting Servlet engine: [Apache Tomcat/10.1.16]
2023-12-27 09:09:37.943 INFO [main][DirectJDKLog.java:173] - Initializing Spring embedded WebApplicationContext
2023-12-27 09:09:37.943 INFO [main][ServletWebServerApplicationContext.java:296] - Root WebApplicationContext: initialization completed in 691 ms
2023-12-27 09:09:38.676 INFO [main][DirectJDKLog.java:173] - Starting ProtocolHandler ["http-nio-8080"]
2023-12-27 09:09:38.683 INFO [main][TomcatWebServer.java:221] - Tomcat started on port 8080 (http) with context path ''
2023-12-27 09:09:38.690 INFO [main][StartupInfoLogger.java:56] - Started Springboot01Application in 1.648 seconds (process running for 2.128)
2023-12-27 09:09:58.560 INFO [main][StartupInfoLogger.java:50] - Starting Springboot01Application using Java 21.0.1 with PID 27272 (C:\Users\OkabeRintarou\IdeaProjects\SpringBootDemo\springboot_01\target\classes started by OkabeRintarou in C:\Users\OkabeRintarou\IdeaProjects\SpringBootDemo\springboot_01)
2023-12-27 09:09:58.562 INFO [main][SpringApplication.java:653] - No active profile set, falling back to 1 default profile: "default"
2023-12-27 09:09:58.930 INFO [main][RepositoryConfigurationDelegate.java:292] - Multiple Spring Data modules found, entering strict repository configuration mode
2023-12-27 09:09:58.931 INFO [main][RepositoryConfigurationDelegate.java:139] - Bootstrapping Spring Data Redis repositories in DEFAULT mode.
2023-12-27 09:09:58.951 INFO [main][RepositoryConfigurationDelegate.java:208] - Finished Spring Data repository scanning in 7 ms. Found 0 Redis repository interfaces.
2023-12-27 09:09:59.231 INFO [main][TomcatWebServer.java:108] - Tomcat initialized with port 8080 (http)
2023-12-27 09:09:59.235 INFO [main][DirectJDKLog.java:173] - Initializing ProtocolHandler ["http-nio-8080"]
2023-12-27 09:09:59.236 INFO [main][DirectJDKLog.java:173] - Starting service [Tomcat]
2023-12-27 09:09:59.236 INFO [main][DirectJDKLog.java:173] - Starting Servlet engine: [Apache Tomcat/10.1.16]
2023-12-27 09:09:59.278 INFO [main][DirectJDKLog.java:173] - Initializing Spring embedded WebApplicationContext
2023-12-27 09:09:59.278 INFO [main][ServletWebServerApplicationContext.java:296] - Root WebApplicationContext: initialization completed in 691 ms
2023-12-27 09:10:00.009 INFO [main][DirectJDKLog.java:173] - Starting ProtocolHandler ["http-nio-8080"]
2023-12-27 09:10:00.016 INFO [main][TomcatWebServer.java:221] - Tomcat started on port 8080 (http) with context path ''
2023-12-27 09:10:00.023 INFO [main][StartupInfoLogger.java:56] - Started Springboot01Application in 1.639 seconds (process running for 2.114)
2023-12-27 09:10:04.270 INFO [http-nio-8080-exec-1][DirectJDKLog.java:173] - Initializing Spring DispatcherServlet 'dispatcherServlet'
2023-12-27 09:10:04.270 INFO [http-nio-8080-exec-1][FrameworkServlet.java:532] - Initializing Servlet 'dispatcherServlet'
2023-12-27 09:10:04.271 INFO [http-nio-8080-exec-1][FrameworkServlet.java:554] - Completed initialization in 1 ms
2023-12-27 09:10:04.504 INFO [http-nio-8080-exec-4][AbstractOpenApiResource.java:401] - Init duration for springdoc-openapi is: 67 ms
2023-12-27 09:27:06.025 INFO [main][StartupInfoLogger.java:50] - Starting Springboot01Application using Java 21.0.1 with PID 14744 (C:\Users\OkabeRintarou\IdeaProjects\SpringBootDemo\springboot_01\target\classes started by OkabeRintarou in C:\Users\OkabeRintarou\IdeaProjects\SpringBootDemo\springboot_01)
2023-12-27 09:27:06.028 INFO [main][SpringApplication.java:653] - No active profile set, falling back to 1 default profile: "default"
2023-12-27 09:27:06.420 INFO [main][RepositoryConfigurationDelegate.java:292] - Multiple Spring Data modules found, entering strict repository configuration mode
2023-12-27 09:27:06.421 INFO [main][RepositoryConfigurationDelegate.java:139] - Bootstrapping Spring Data Redis repositories in DEFAULT mode.
2023-12-27 09:27:06.438 INFO [main][RepositoryConfigurationDelegate.java:208] - Finished Spring Data repository scanning in 3 ms. Found 0 Redis repository interfaces.
2023-12-27 09:27:06.713 INFO [main][TomcatWebServer.java:108] - Tomcat initialized with port 8080 (http)
2023-12-27 09:27:06.716 INFO [main][DirectJDKLog.java:173] - Initializing ProtocolHandler ["http-nio-8080"]
2023-12-27 09:27:06.718 INFO [main][DirectJDKLog.java:173] - Starting service [Tomcat]
2023-12-27 09:27:06.719 INFO [main][DirectJDKLog.java:173] - Starting Servlet engine: [Apache Tomcat/10.1.16]
2023-12-27 09:27:06.755 INFO [main][DirectJDKLog.java:173] - Initializing Spring embedded WebApplicationContext
2023-12-27 09:27:06.755 INFO [main][ServletWebServerApplicationContext.java:296] - Root WebApplicationContext: initialization completed in 697 ms
2023-12-27 09:27:07.497 INFO [main][DirectJDKLog.java:173] - Starting ProtocolHandler ["http-nio-8080"]
2023-12-27 09:27:07.503 INFO [main][TomcatWebServer.java:221] - Tomcat started on port 8080 (http) with context path ''
2023-12-27 09:27:07.510 INFO [main][StartupInfoLogger.java:56] - Started Springboot01Application in 1.662 seconds (process running for 2.139)
2023-12-27 09:27:11.245 INFO [http-nio-8080-exec-1][DirectJDKLog.java:173] - Initializing Spring DispatcherServlet 'dispatcherServlet'
2023-12-27 09:27:11.245 INFO [http-nio-8080-exec-1][FrameworkServlet.java:532] - Initializing Servlet 'dispatcherServlet'
2023-12-27 09:27:11.247 INFO [http-nio-8080-exec-1][FrameworkServlet.java:554] - Completed initialization in 1 ms
2023-12-27 09:27:11.450 INFO [http-nio-8080-exec-3][AbstractOpenApiResource.java:401] - Init duration for springdoc-openapi is: 65 ms
2023-12-27 09:34:18.595 INFO [main][StartupInfoLogger.java:50] - Starting Springboot01Application using Java 21.0.1 with PID 12260 (C:\Users\OkabeRintarou\IdeaProjects\SpringBootDemo\springboot_01\target\classes started by OkabeRintarou in C:\Users\OkabeRintarou\IdeaProjects\SpringBootDemo\springboot_01)
2023-12-27 09:34:18.596 INFO [main][SpringApplication.java:653] - No active profile set, falling back to 1 default profile: "default"
2023-12-27 09:34:18.986 INFO [main][RepositoryConfigurationDelegate.java:292] - Multiple Spring Data modules found, entering strict repository configuration mode
2023-12-27 09:34:18.988 INFO [main][RepositoryConfigurationDelegate.java:139] - Bootstrapping Spring Data Redis repositories in DEFAULT mode.
2023-12-27 09:34:19.005 INFO [main][RepositoryConfigurationDelegate.java:208] - Finished Spring Data repository scanning in 4 ms. Found 0 Redis repository interfaces.
2023-12-27 09:34:19.289 INFO [main][TomcatWebServer.java:108] - Tomcat initialized with port 8080 (http)
2023-12-27 09:34:19.294 INFO [main][DirectJDKLog.java:173] - Initializing ProtocolHandler ["http-nio-8080"]
2023-12-27 09:34:19.295 INFO [main][DirectJDKLog.java:173] - Starting service [Tomcat]
2023-12-27 09:34:19.295 INFO [main][DirectJDKLog.java:173] - Starting Servlet engine: [Apache Tomcat/10.1.16]
2023-12-27 09:34:19.332 INFO [main][DirectJDKLog.java:173] - Initializing Spring embedded WebApplicationContext
2023-12-27 09:34:19.332 INFO [main][ServletWebServerApplicationContext.java:296] - Root WebApplicationContext: initialization completed in 707 ms
2023-12-27 09:34:20.064 INFO [main][DirectJDKLog.java:173] - Starting ProtocolHandler ["http-nio-8080"]
2023-12-27 09:34:20.071 INFO [main][TomcatWebServer.java:221] - Tomcat started on port 8080 (http) with context path ''
2023-12-27 09:34:20.078 INFO [main][StartupInfoLogger.java:56] - Started Springboot01Application in 1.67 seconds (process running for 2.186)
2023-12-27 09:34:23.629 INFO [http-nio-8080-exec-1][DirectJDKLog.java:173] - Initializing Spring DispatcherServlet 'dispatcherServlet'
2023-12-27 09:34:23.629 INFO [http-nio-8080-exec-1][FrameworkServlet.java:532] - Initializing Servlet 'dispatcherServlet'
2023-12-27 09:34:23.630 INFO [http-nio-8080-exec-1][FrameworkServlet.java:554] - Completed initialization in 1 ms
2023-12-27 09:34:23.830 INFO [http-nio-8080-exec-6][AbstractOpenApiResource.java:401] - Init duration for springdoc-openapi is: 65 ms
2023-12-27 09:37:01.497 INFO [main][StartupInfoLogger.java:50] - Starting Springboot01Application using Java 21.0.1 with PID 26004 (C:\Users\OkabeRintarou\IdeaProjects\SpringBootDemo\springboot_01\target\classes started by OkabeRintarou in C:\Users\OkabeRintarou\IdeaProjects\SpringBootDemo\springboot_01)
2023-12-27 09:37:01.499 INFO [main][SpringApplication.java:653] - No active profile set, falling back to 1 default profile: "default"
2023-12-27 09:37:01.879 INFO [main][RepositoryConfigurationDelegate.java:292] - Multiple Spring Data modules found, entering strict repository configuration mode
2023-12-27 09:37:01.881 INFO [main][RepositoryConfigurationDelegate.java:139] - Bootstrapping Spring Data Redis repositories in DEFAULT mode.
2023-12-27 09:37:01.898 INFO [main][RepositoryConfigurationDelegate.java:208] - Finished Spring Data repository scanning in 4 ms. Found 0 Redis repository interfaces.
2023-12-27 09:37:02.179 INFO [main][TomcatWebServer.java:108] - Tomcat initialized with port 8080 (http)
2023-12-27 09:37:02.184 INFO [main][DirectJDKLog.java:173] - Initializing ProtocolHandler ["http-nio-8080"]
2023-12-27 09:37:02.185 INFO [main][DirectJDKLog.java:173] - Starting service [Tomcat]
2023-12-27 09:37:02.185 INFO [main][DirectJDKLog.java:173] - Starting Servlet engine: [Apache Tomcat/10.1.16]
2023-12-27 09:37:02.226 INFO [main][DirectJDKLog.java:173] - Initializing Spring embedded WebApplicationContext
2023-12-27 09:37:02.226 INFO [main][ServletWebServerApplicationContext.java:296] - Root WebApplicationContext: initialization completed in 701 ms
2023-12-27 09:37:02.959 INFO [main][DirectJDKLog.java:173] - Starting ProtocolHandler ["http-nio-8080"]
2023-12-27 09:37:02.965 INFO [main][TomcatWebServer.java:221] - Tomcat started on port 8080 (http) with context path ''
2023-12-27 09:37:02.973 INFO [main][StartupInfoLogger.java:56] - Started Springboot01Application in 1.651 seconds (process running for 2.142)
2023-12-27 09:37:06.527 INFO [http-nio-8080-exec-1][DirectJDKLog.java:173] - Initializing Spring DispatcherServlet 'dispatcherServlet'
2023-12-27 09:37:06.527 INFO [http-nio-8080-exec-1][FrameworkServlet.java:532] - Initializing Servlet 'dispatcherServlet'
2023-12-27 09:37:06.528 INFO [http-nio-8080-exec-1][FrameworkServlet.java:554] - Completed initialization in 1 ms
2023-12-27 09:37:06.746 INFO [http-nio-8080-exec-5][AbstractOpenApiResource.java:401] - Init duration for springdoc-openapi is: 66 ms
2023-12-27 09:42:18.478 INFO [main][StartupInfoLogger.java:50] - Starting Springboot01Application using Java 21.0.1 with PID 19676 (C:\Users\OkabeRintarou\IdeaProjects\SpringBootDemo\springboot_01\target\classes started by OkabeRintarou in C:\Users\OkabeRintarou\IdeaProjects\SpringBootDemo\springboot_01)
2023-12-27 09:42:18.481 INFO [main][SpringApplication.java:653] - No active profile set, falling back to 1 default profile: "default"
2023-12-27 09:42:18.866 INFO [main][RepositoryConfigurationDelegate.java:292] - Multiple Spring Data modules found, entering strict repository configuration mode
2023-12-27 09:42:18.867 INFO [main][RepositoryConfigurationDelegate.java:139] - Bootstrapping Spring Data Redis repositories in DEFAULT mode.
2023-12-27 09:42:18.886 INFO [main][RepositoryConfigurationDelegate.java:208] - Finished Spring Data repository scanning in 5 ms. Found 0 Redis repository interfaces.
2023-12-27 09:42:19.169 INFO [main][TomcatWebServer.java:108] - Tomcat initialized with port 8080 (http)
2023-12-27 09:42:19.173 INFO [main][DirectJDKLog.java:173] - Initializing ProtocolHandler ["http-nio-8080"]
2023-12-27 09:42:19.174 INFO [main][DirectJDKLog.java:173] - Starting service [Tomcat]
2023-12-27 09:42:19.175 INFO [main][DirectJDKLog.java:173] - Starting Servlet engine: [Apache Tomcat/10.1.16]
2023-12-27 09:42:19.213 INFO [main][DirectJDKLog.java:173] - Initializing Spring embedded WebApplicationContext
2023-12-27 09:42:19.214 INFO [main][ServletWebServerApplicationContext.java:296] - Root WebApplicationContext: initialization completed in 707 ms
2023-12-27 09:42:19.956 INFO [main][DirectJDKLog.java:173] - Starting ProtocolHandler ["http-nio-8080"]
2023-12-27 09:42:19.962 INFO [main][TomcatWebServer.java:221] - Tomcat started on port 8080 (http) with context path ''
2023-12-27 09:42:19.969 INFO [main][StartupInfoLogger.java:56] - Started Springboot01Application in 1.668 seconds (process running for 2.142)
2023-12-27 09:42:23.558 INFO [http-nio-8080-exec-2][DirectJDKLog.java:173] - Initializing Spring DispatcherServlet 'dispatcherServlet'
2023-12-27 09:42:23.558 INFO [http-nio-8080-exec-2][FrameworkServlet.java:532] - Initializing Servlet 'dispatcherServlet'
2023-12-27 09:42:23.559 INFO [http-nio-8080-exec-2][FrameworkServlet.java:554] - Completed initialization in 1 ms
2023-12-27 09:42:23.761 INFO [http-nio-8080-exec-3][AbstractOpenApiResource.java:401] - Init duration for springdoc-openapi is: 68 ms
2023-12-27 09:48:48.458 INFO [main][StartupInfoLogger.java:50] - Starting Springboot01Application using Java 21.0.1 with PID 14640 (C:\Users\OkabeRintarou\IdeaProjects\SpringBootDemo\springboot_01\target\classes started by OkabeRintarou in C:\Users\OkabeRintarou\IdeaProjects\SpringBootDemo\springboot_01)
2023-12-27 09:48:48.460 INFO [main][SpringApplication.java:653] - No active profile set, falling back to 1 default profile: "default"
2023-12-27 09:48:48.848 INFO [main][RepositoryConfigurationDelegate.java:292] - Multiple Spring Data modules found, entering strict repository configuration mode
2023-12-27 09:48:48.849 INFO [main][RepositoryConfigurationDelegate.java:139] - Bootstrapping Spring Data Redis repositories in DEFAULT mode.
2023-12-27 09:48:48.871 INFO [main][RepositoryConfigurationDelegate.java:208] - Finished Spring Data repository scanning in 6 ms. Found 0 Redis repository interfaces.
2023-12-27 09:48:49.135 INFO [main][TomcatWebServer.java:108] - Tomcat initialized with port 8080 (http)
2023-12-27 09:48:49.139 INFO [main][DirectJDKLog.java:173] - Initializing ProtocolHandler ["http-nio-8080"]
2023-12-27 09:48:49.141 INFO [main][DirectJDKLog.java:173] - Starting service [Tomcat]
2023-12-27 09:48:49.141 INFO [main][DirectJDKLog.java:173] - Starting Servlet engine: [Apache Tomcat/10.1.16]
2023-12-27 09:48:49.183 INFO [main][DirectJDKLog.java:173] - Initializing Spring embedded WebApplicationContext
2023-12-27 09:48:49.183 INFO [main][ServletWebServerApplicationContext.java:296] - Root WebApplicationContext: initialization completed in 694 ms
2023-12-27 09:48:49.903 INFO [main][DirectJDKLog.java:173] - Starting ProtocolHandler ["http-nio-8080"]
2023-12-27 09:48:49.909 INFO [main][TomcatWebServer.java:221] - Tomcat started on port 8080 (http) with context path ''
2023-12-27 09:48:49.917 INFO [main][StartupInfoLogger.java:56] - Started Springboot01Application in 1.64 seconds (process running for 2.111)
2023-12-27 09:48:53.858 INFO [http-nio-8080-exec-1][DirectJDKLog.java:173] - Initializing Spring DispatcherServlet 'dispatcherServlet'
2023-12-27 09:48:53.858 INFO [http-nio-8080-exec-1][FrameworkServlet.java:532] - Initializing Servlet 'dispatcherServlet'
2023-12-27 09:48:53.860 INFO [http-nio-8080-exec-1][FrameworkServlet.java:554] - Completed initialization in 1 ms
2023-12-27 09:48:54.067 INFO [http-nio-8080-exec-3][AbstractOpenApiResource.java:401] - Init duration for springdoc-openapi is: 66 ms
2023-12-27 09:56:59.538 INFO [main][StartupInfoLogger.java:50] - Starting Springboot01Application using Java 21.0.1 with PID 12124 (C:\Users\OkabeRintarou\IdeaProjects\SpringBootDemo\springboot_01\target\classes started by OkabeRintarou in C:\Users\OkabeRintarou\IdeaProjects\SpringBootDemo\springboot_01)
2023-12-27 09:56:59.540 INFO [main][SpringApplication.java:653] - No active profile set, falling back to 1 default profile: "default"
2023-12-27 09:56:59.913 INFO [main][RepositoryConfigurationDelegate.java:292] - Multiple Spring Data modules found, entering strict repository configuration mode
2023-12-27 09:56:59.914 INFO [main][RepositoryConfigurationDelegate.java:139] - Bootstrapping Spring Data Redis repositories in DEFAULT mode.
2023-12-27 09:56:59.933 INFO [main][RepositoryConfigurationDelegate.java:208] - Finished Spring Data repository scanning in 3 ms. Found 0 Redis repository interfaces.
2023-12-27 09:57:00.213 INFO [main][TomcatWebServer.java:108] - Tomcat initialized with port 8080 (http)
2023-12-27 09:57:00.217 INFO [main][DirectJDKLog.java:173] - Initializing ProtocolHandler ["http-nio-8080"]
2023-12-27 09:57:00.219 INFO [main][DirectJDKLog.java:173] - Starting service [Tomcat]
2023-12-27 09:57:00.219 INFO [main][DirectJDKLog.java:173] - Starting Servlet engine: [Apache Tomcat/10.1.16]
2023-12-27 09:57:00.263 INFO [main][DirectJDKLog.java:173] - Initializing Spring embedded WebApplicationContext
2023-12-27 09:57:00.263 INFO [main][ServletWebServerApplicationContext.java:296] - Root WebApplicationContext: initialization completed in 694 ms
2023-12-27 09:57:00.987 INFO [main][DirectJDKLog.java:173] - Starting ProtocolHandler ["http-nio-8080"]
2023-12-27 09:57:00.993 INFO [main][TomcatWebServer.java:221] - Tomcat started on port 8080 (http) with context path ''
2023-12-27 09:57:01.000 INFO [main][StartupInfoLogger.java:56] - Started Springboot01Application in 1.644 seconds (process running for 2.115)
2023-12-27 09:57:06.290 INFO [http-nio-8080-exec-1][DirectJDKLog.java:173] - Initializing Spring DispatcherServlet 'dispatcherServlet'
2023-12-27 09:57:06.290 INFO [http-nio-8080-exec-1][FrameworkServlet.java:532] - Initializing Servlet 'dispatcherServlet'
2023-12-27 09:57:06.291 INFO [http-nio-8080-exec-1][FrameworkServlet.java:554] - Completed initialization in 1 ms
2023-12-27 09:57:06.499 INFO [http-nio-8080-exec-8][AbstractOpenApiResource.java:401] - Init duration for springdoc-openapi is: 68 ms
2023-12-27 10:05:20.312 INFO [main][StartupInfoLogger.java:50] - Starting Springboot01Application using Java 21.0.1 with PID 18088 (C:\Users\OkabeRintarou\IdeaProjects\SpringBootDemo\springboot_01\target\classes started by OkabeRintarou in C:\Users\OkabeRintarou\IdeaProjects\SpringBootDemo\springboot_01)
2023-12-27 10:05:20.312 INFO [main][SpringApplication.java:653] - No active profile set, falling back to 1 default profile: "default"
2023-12-27 10:05:20.686 INFO [main][RepositoryConfigurationDelegate.java:292] - Multiple Spring Data modules found, entering strict repository configuration mode
2023-12-27 10:05:20.686 INFO [main][RepositoryConfigurationDelegate.java:139] - Bootstrapping Spring Data Redis repositories in DEFAULT mode.
2023-12-27 10:05:20.701 INFO [main][RepositoryConfigurationDelegate.java:208] - Finished Spring Data repository scanning in 3 ms. Found 0 Redis repository interfaces.
2023-12-27 10:05:20.990 INFO [main][TomcatWebServer.java:108] - Tomcat initialized with port 8080 (http)
2023-12-27 10:05:20.995 INFO [main][DirectJDKLog.java:173] - Initializing ProtocolHandler ["http-nio-8080"]
2023-12-27 10:05:20.996 INFO [main][DirectJDKLog.java:173] - Starting service [Tomcat]
2023-12-27 10:05:20.996 INFO [main][DirectJDKLog.java:173] - Starting Servlet engine: [Apache Tomcat/10.1.16]
2023-12-27 10:05:21.036 INFO [main][DirectJDKLog.java:173] - Initializing Spring embedded WebApplicationContext
2023-12-27 10:05:21.036 INFO [main][ServletWebServerApplicationContext.java:296] - Root WebApplicationContext: initialization completed in 694 ms
2023-12-27 10:05:21.780 INFO [main][DirectJDKLog.java:173] - Starting ProtocolHandler ["http-nio-8080"]
2023-12-27 10:05:21.786 INFO [main][TomcatWebServer.java:221] - Tomcat started on port 8080 (http) with context path ''
2023-12-27 10:05:21.793 INFO [main][StartupInfoLogger.java:56] - Started Springboot01Application in 1.654 seconds (process running for 2.13)
2023-12-27 10:07:20.270 INFO [http-nio-8080-exec-1][DirectJDKLog.java:173] - Initializing Spring DispatcherServlet 'dispatcherServlet'
2023-12-27 10:07:20.270 INFO [http-nio-8080-exec-1][FrameworkServlet.java:532] - Initializing Servlet 'dispatcherServlet'
2023-12-27 10:07:20.274 INFO [http-nio-8080-exec-1][FrameworkServlet.java:554] - Completed initialization in 4 ms
2023-12-27 10:07:20.299 INFO [http-nio-8080-exec-1][ChatServiceImpl.java:48] - id ==> 1
2023-12-27 10:08:03.330 INFO [main][StartupInfoLogger.java:50] - Starting Springboot01Application using Java 21.0.1 with PID 27880 (C:\Users\OkabeRintarou\IdeaProjects\SpringBootDemo\springboot_01\target\classes started by OkabeRintarou in C:\Users\OkabeRintarou\IdeaProjects\SpringBootDemo\springboot_01)
2023-12-27 10:08:03.331 INFO [main][SpringApplication.java:653] - No active profile set, falling back to 1 default profile: "default"
2023-12-27 10:08:03.711 INFO [main][RepositoryConfigurationDelegate.java:292] - Multiple Spring Data modules found, entering strict repository configuration mode
2023-12-27 10:08:03.712 INFO [main][RepositoryConfigurationDelegate.java:139] - Bootstrapping Spring Data Redis repositories in DEFAULT mode.
2023-12-27 10:08:03.729 INFO [main][RepositoryConfigurationDelegate.java:208] - Finished Spring Data repository scanning in 3 ms. Found 0 Redis repository interfaces.
2023-12-27 10:08:04.003 INFO [main][TomcatWebServer.java:108] - Tomcat initialized with port 8080 (http)
2023-12-27 10:08:04.007 INFO [main][DirectJDKLog.java:173] - Initializing ProtocolHandler ["http-nio-8080"]
2023-12-27 10:08:04.008 INFO [main][DirectJDKLog.java:173] - Starting service [Tomcat]
2023-12-27 10:08:04.009 INFO [main][DirectJDKLog.java:173] - Starting Servlet engine: [Apache Tomcat/10.1.16]
2023-12-27 10:08:04.049 INFO [main][DirectJDKLog.java:173] - Initializing Spring embedded WebApplicationContext
2023-12-27 10:08:04.049 INFO [main][ServletWebServerApplicationContext.java:296] - Root WebApplicationContext: initialization completed in 692 ms
2023-12-27 10:08:04.787 INFO [main][DirectJDKLog.java:173] - Starting ProtocolHandler ["http-nio-8080"]
2023-12-27 10:08:04.793 INFO [main][TomcatWebServer.java:221] - Tomcat started on port 8080 (http) with context path ''
2023-12-27 10:08:04.801 INFO [main][StartupInfoLogger.java:56] - Started Springboot01Application in 1.657 seconds (process running for 2.132)
2023-12-27 10:08:08.805 INFO [http-nio-8080-exec-1][DirectJDKLog.java:173] - Initializing Spring DispatcherServlet 'dispatcherServlet'
2023-12-27 10:08:08.806 INFO [http-nio-8080-exec-1][FrameworkServlet.java:532] - Initializing Servlet 'dispatcherServlet'
2023-12-27 10:08:08.807 INFO [http-nio-8080-exec-1][FrameworkServlet.java:554] - Completed initialization in 1 ms
2023-12-27 10:08:09.008 INFO [http-nio-8080-exec-4][AbstractOpenApiResource.java:401] - Init duration for springdoc-openapi is: 68 ms
2023-12-27 10:09:20.769 INFO [main][StartupInfoLogger.java:50] - Starting Springboot01Application using Java 21.0.1 with PID 9760 (C:\Users\OkabeRintarou\IdeaProjects\SpringBootDemo\springboot_01\target\classes started by OkabeRintarou in C:\Users\OkabeRintarou\IdeaProjects\SpringBootDemo\springboot_01)
2023-12-27 10:09:20.771 INFO [main][SpringApplication.java:653] - No active profile set, falling back to 1 default profile: "default"
2023-12-27 10:09:21.138 INFO [main][RepositoryConfigurationDelegate.java:292] - Multiple Spring Data modules found, entering strict repository configuration mode
2023-12-27 10:09:21.140 INFO [main][RepositoryConfigurationDelegate.java:139] - Bootstrapping Spring Data Redis repositories in DEFAULT mode.
2023-12-27 10:09:21.161 INFO [main][RepositoryConfigurationDelegate.java:208] - Finished Spring Data repository scanning in 3 ms. Found 0 Redis repository interfaces.
2023-12-27 10:09:21.428 INFO [main][TomcatWebServer.java:108] - Tomcat initialized with port 8080 (http)
2023-12-27 10:09:21.433 INFO [main][DirectJDKLog.java:173] - Initializing ProtocolHandler ["http-nio-8080"]
2023-12-27 10:09:21.434 INFO [main][DirectJDKLog.java:173] - Starting service [Tomcat]
2023-12-27 10:09:21.434 INFO [main][DirectJDKLog.java:173] - Starting Servlet engine: [Apache Tomcat/10.1.16]
2023-12-27 10:09:21.475 INFO [main][DirectJDKLog.java:173] - Initializing Spring embedded WebApplicationContext
2023-12-27 10:09:21.475 INFO [main][ServletWebServerApplicationContext.java:296] - Root WebApplicationContext: initialization completed in 677 ms
2023-12-27 10:09:22.227 INFO [main][DirectJDKLog.java:173] - Starting ProtocolHandler ["http-nio-8080"]
2023-12-27 10:09:22.233 INFO [main][TomcatWebServer.java:221] - Tomcat started on port 8080 (http) with context path ''
2023-12-27 10:09:22.241 INFO [main][StartupInfoLogger.java:56] - Started Springboot01Application in 1.647 seconds (process running for 2.129)
2023-12-27 10:09:26.403 INFO [http-nio-8080-exec-1][DirectJDKLog.java:173] - Initializing Spring DispatcherServlet 'dispatcherServlet'
2023-12-27 10:09:26.403 INFO [http-nio-8080-exec-1][FrameworkServlet.java:532] - Initializing Servlet 'dispatcherServlet'
2023-12-27 10:09:26.404 INFO [http-nio-8080-exec-1][FrameworkServlet.java:554] - Completed initialization in 1 ms
2023-12-27 10:09:26.626 INFO [http-nio-8080-exec-3][AbstractOpenApiResource.java:401] - Init duration for springdoc-openapi is: 68 ms
2023-12-27 10:15:41.502 INFO [main][StartupInfoLogger.java:50] - Starting Springboot01Application using Java 21.0.1 with PID 21456 (C:\Users\OkabeRintarou\IdeaProjects\SpringBootDemo\springboot_01\target\classes started by OkabeRintarou in C:\Users\OkabeRintarou\IdeaProjects\SpringBootDemo\springboot_01)
2023-12-27 10:15:41.504 INFO [main][SpringApplication.java:653] - No active profile set, falling back to 1 default profile: "default"
2023-12-27 10:15:41.868 INFO [main][RepositoryConfigurationDelegate.java:292] - Multiple Spring Data modules found, entering strict repository configuration mode
2023-12-27 10:15:41.869 INFO [main][RepositoryConfigurationDelegate.java:139] - Bootstrapping Spring Data Redis repositories in DEFAULT mode.
2023-12-27 10:15:41.894 INFO [main][RepositoryConfigurationDelegate.java:208] - Finished Spring Data repository scanning in 8 ms. Found 0 Redis repository interfaces.
2023-12-27 10:15:42.152 INFO [main][TomcatWebServer.java:108] - Tomcat initialized with port 8080 (http)
2023-12-27 10:15:42.156 INFO [main][DirectJDKLog.java:173] - Initializing ProtocolHandler ["http-nio-8080"]
2023-12-27 10:15:42.157 INFO [main][DirectJDKLog.java:173] - Starting service [Tomcat]
2023-12-27 10:15:42.157 INFO [main][DirectJDKLog.java:173] - Starting Servlet engine: [Apache Tomcat/10.1.16]
2023-12-27 10:15:42.205 INFO [main][DirectJDKLog.java:173] - Initializing Spring embedded WebApplicationContext
2023-12-27 10:15:42.205 INFO [main][ServletWebServerApplicationContext.java:296] - Root WebApplicationContext: initialization completed in 676 ms
2023-12-27 10:15:42.918 INFO [main][DirectJDKLog.java:173] - Starting ProtocolHandler ["http-nio-8080"]
2023-12-27 10:15:42.924 INFO [main][TomcatWebServer.java:221] - Tomcat started on port 8080 (http) with context path ''
2023-12-27 10:15:42.931 INFO [main][StartupInfoLogger.java:56] - Started Springboot01Application in 1.619 seconds (process running for 2.097)
2023-12-27 10:15:45.663 INFO [http-nio-8080-exec-2][DirectJDKLog.java:173] - Initializing Spring DispatcherServlet 'dispatcherServlet'
2023-12-27 10:15:45.663 INFO [http-nio-8080-exec-2][FrameworkServlet.java:532] - Initializing Servlet 'dispatcherServlet'
2023-12-27 10:15:45.664 INFO [http-nio-8080-exec-2][FrameworkServlet.java:554] - Completed initialization in 1 ms
2023-12-27 10:15:45.871 INFO [http-nio-8080-exec-4][AbstractOpenApiResource.java:401] - Init duration for springdoc-openapi is: 65 ms
2023-12-27 10:21:42.084 INFO [main][StartupInfoLogger.java:50] - Starting Springboot01Application using Java 21.0.1 with PID 13888 (C:\Users\OkabeRintarou\IdeaProjects\SpringBootDemo\springboot_01\target\classes started by OkabeRintarou in C:\Users\OkabeRintarou\IdeaProjects\SpringBootDemo\springboot_01)
2023-12-27 10:21:42.086 INFO [main][SpringApplication.java:653] - No active profile set, falling back to 1 default profile: "default"
2023-12-27 10:21:42.449 INFO [main][RepositoryConfigurationDelegate.java:292] - Multiple Spring Data modules found, entering strict repository configuration mode
2023-12-27 10:21:42.451 INFO [main][RepositoryConfigurationDelegate.java:139] - Bootstrapping Spring Data Redis repositories in DEFAULT mode.
2023-12-27 10:21:42.470 INFO [main][RepositoryConfigurationDelegate.java:208] - Finished Spring Data repository scanning in 3 ms. Found 0 Redis repository interfaces.
2023-12-27 10:21:42.735 INFO [main][TomcatWebServer.java:108] - Tomcat initialized with port 8080 (http)
2023-12-27 10:21:42.739 INFO [main][DirectJDKLog.java:173] - Initializing ProtocolHandler ["http-nio-8080"]
2023-12-27 10:21:42.740 INFO [main][DirectJDKLog.java:173] - Starting service [Tomcat]
2023-12-27 10:21:42.741 INFO [main][DirectJDKLog.java:173] - Starting Servlet engine: [Apache Tomcat/10.1.16]
2023-12-27 10:21:42.778 INFO [main][DirectJDKLog.java:173] - Initializing Spring embedded WebApplicationContext
2023-12-27 10:21:42.778 INFO [main][ServletWebServerApplicationContext.java:296] - Root WebApplicationContext: initialization completed in 668 ms
2023-12-27 10:21:43.493 INFO [main][DirectJDKLog.java:173] - Starting ProtocolHandler ["http-nio-8080"]
2023-12-27 10:21:43.499 INFO [main][TomcatWebServer.java:221] - Tomcat started on port 8080 (http) with context path ''
2023-12-27 10:21:43.507 INFO [main][StartupInfoLogger.java:56] - Started Springboot01Application in 1.599 seconds (process running for 2.076)
2023-12-27 10:21:47.370 INFO [http-nio-8080-exec-1][DirectJDKLog.java:173] - Initializing Spring DispatcherServlet 'dispatcherServlet'
2023-12-27 10:21:47.371 INFO [http-nio-8080-exec-1][FrameworkServlet.java:532] - Initializing Servlet 'dispatcherServlet'
2023-12-27 10:21:47.372 INFO [http-nio-8080-exec-1][FrameworkServlet.java:554] - Completed initialization in 1 ms
2023-12-27 10:21:47.574 INFO [http-nio-8080-exec-4][AbstractOpenApiResource.java:401] - Init duration for springdoc-openapi is: 67 ms
2023-12-27 10:26:07.635 INFO [main][StartupInfoLogger.java:50] - Starting Springboot01Application using Java 21.0.1 with PID 2668 (C:\Users\OkabeRintarou\IdeaProjects\SpringBootDemo\springboot_01\target\classes started by OkabeRintarou in C:\Users\OkabeRintarou\IdeaProjects\SpringBootDemo\springboot_01)
2023-12-27 10:26:07.638 INFO [main][SpringApplication.java:653] - No active profile set, falling back to 1 default profile: "default"
2023-12-27 10:26:07.999 INFO [main][RepositoryConfigurationDelegate.java:292] - Multiple Spring Data modules found, entering strict repository configuration mode
2023-12-27 10:26:08.000 INFO [main][RepositoryConfigurationDelegate.java:139] - Bootstrapping Spring Data Redis repositories in DEFAULT mode.
2023-12-27 10:26:08.020 INFO [main][RepositoryConfigurationDelegate.java:208] - Finished Spring Data repository scanning in 5 ms. Found 0 Redis repository interfaces.
2023-12-27 10:26:08.292 INFO [main][TomcatWebServer.java:108] - Tomcat initialized with port 8080 (http)
2023-12-27 10:26:08.297 INFO [main][DirectJDKLog.java:173] - Initializing ProtocolHandler ["http-nio-8080"]
2023-12-27 10:26:08.298 INFO [main][DirectJDKLog.java:173] - Starting service [Tomcat]
2023-12-27 10:26:08.298 INFO [main][DirectJDKLog.java:173] - Starting Servlet engine: [Apache Tomcat/10.1.16]
2023-12-27 10:26:08.333 INFO [main][DirectJDKLog.java:173] - Initializing Spring embedded WebApplicationContext
2023-12-27 10:26:08.333 INFO [main][ServletWebServerApplicationContext.java:296] - Root WebApplicationContext: initialization completed in 671 ms
2023-12-27 10:26:09.069 INFO [main][DirectJDKLog.java:173] - Starting ProtocolHandler ["http-nio-8080"]
2023-12-27 10:26:09.075 INFO [main][TomcatWebServer.java:221] - Tomcat started on port 8080 (http) with context path ''
2023-12-27 10:26:09.082 INFO [main][StartupInfoLogger.java:56] - Started Springboot01Application in 1.626 seconds (process running for 2.099)
2023-12-27 10:26:12.939 INFO [http-nio-8080-exec-1][DirectJDKLog.java:173] - Initializing Spring DispatcherServlet 'dispatcherServlet'
2023-12-27 10:26:12.939 INFO [http-nio-8080-exec-1][FrameworkServlet.java:532] - Initializing Servlet 'dispatcherServlet'
2023-12-27 10:26:12.940 INFO [http-nio-8080-exec-1][FrameworkServlet.java:554] - Completed initialization in 1 ms
2023-12-27 10:26:13.142 INFO [http-nio-8080-exec-3][AbstractOpenApiResource.java:401] - Init duration for springdoc-openapi is: 67 ms
2023-12-27 10:31:23.857 INFO [main][StartupInfoLogger.java:50] - Starting Springboot01Application using Java 21.0.1 with PID 21164 (C:\Users\OkabeRintarou\IdeaProjects\SpringBootDemo\springboot_01\target\classes started by OkabeRintarou in C:\Users\OkabeRintarou\IdeaProjects\SpringBootDemo\springboot_01)
2023-12-27 10:31:23.860 INFO [main][SpringApplication.java:653] - No active profile set, falling back to 1 default profile: "default"
2023-12-27 10:31:24.232 INFO [main][RepositoryConfigurationDelegate.java:292] - Multiple Spring Data modules found, entering strict repository configuration mode
2023-12-27 10:31:24.233 INFO [main][RepositoryConfigurationDelegate.java:139] - Bootstrapping Spring Data Redis repositories in DEFAULT mode.
2023-12-27 10:31:24.250 INFO [main][RepositoryConfigurationDelegate.java:208] - Finished Spring Data repository scanning in 4 ms. Found 0 Redis repository interfaces.
2023-12-27 10:31:24.523 INFO [main][TomcatWebServer.java:108] - Tomcat initialized with port 8080 (http)
2023-12-27 10:31:24.527 INFO [main][DirectJDKLog.java:173] - Initializing ProtocolHandler ["http-nio-8080"]
2023-12-27 10:31:24.528 INFO [main][DirectJDKLog.java:173] - Starting service [Tomcat]
2023-12-27 10:31:24.529 INFO [main][DirectJDKLog.java:173] - Starting Servlet engine: [Apache Tomcat/10.1.16]
2023-12-27 10:31:24.570 INFO [main][DirectJDKLog.java:173] - Initializing Spring embedded WebApplicationContext
2023-12-27 10:31:24.571 INFO [main][ServletWebServerApplicationContext.java:296] - Root WebApplicationContext: initialization completed in 686 ms
2023-12-27 10:31:25.276 INFO [main][DirectJDKLog.java:173] - Starting ProtocolHandler ["http-nio-8080"]
2023-12-27 10:31:25.284 INFO [main][TomcatWebServer.java:221] - Tomcat started on port 8080 (http) with context path ''
2023-12-27 10:31:25.291 INFO [main][StartupInfoLogger.java:56] - Started Springboot01Application in 1.609 seconds (process running for 2.081)
2023-12-27 10:31:29.776 INFO [http-nio-8080-exec-1][DirectJDKLog.java:173] - Initializing Spring DispatcherServlet 'dispatcherServlet'
2023-12-27 10:31:29.776 INFO [http-nio-8080-exec-1][FrameworkServlet.java:532] - Initializing Servlet 'dispatcherServlet'
2023-12-27 10:31:29.777 INFO [http-nio-8080-exec-1][FrameworkServlet.java:554] - Completed initialization in 1 ms
2023-12-27 10:31:29.980 INFO [http-nio-8080-exec-3][AbstractOpenApiResource.java:401] - Init duration for springdoc-openapi is: 66 ms
2023-12-27 10:33:36.018 INFO [main][StartupInfoLogger.java:50] - Starting Springboot01Application using Java 21.0.1 with PID 17476 (C:\Users\OkabeRintarou\IdeaProjects\SpringBootDemo\springboot_01\target\classes started by OkabeRintarou in C:\Users\OkabeRintarou\IdeaProjects\SpringBootDemo\springboot_01)
2023-12-27 10:33:36.021 INFO [main][SpringApplication.java:653] - No active profile set, falling back to 1 default profile: "default"
2023-12-27 10:33:36.524 INFO [main][RepositoryConfigurationDelegate.java:292] - Multiple Spring Data modules found, entering strict repository configuration mode
2023-12-27 10:33:36.525 INFO [main][RepositoryConfigurationDelegate.java:139] - Bootstrapping Spring Data Redis repositories in DEFAULT mode.
2023-12-27 10:33:36.546 INFO [main][RepositoryConfigurationDelegate.java:208] - Finished Spring Data repository scanning in 3 ms. Found 0 Redis repository interfaces.
2023-12-27 10:33:36.867 INFO [main][TomcatWebServer.java:108] - Tomcat initialized with port 8080 (http)
2023-12-27 10:33:36.872 INFO [main][DirectJDKLog.java:173] - Initializing ProtocolHandler ["http-nio-8080"]
2023-12-27 10:33:36.873 INFO [main][DirectJDKLog.java:173] - Starting service [Tomcat]
2023-12-27 10:33:36.874 INFO [main][DirectJDKLog.java:173] - Starting Servlet engine: [Apache Tomcat/10.1.16]
2023-12-27 10:33:36.913 INFO [main][DirectJDKLog.java:173] - Initializing Spring embedded WebApplicationContext
2023-12-27 10:33:36.913 INFO [main][ServletWebServerApplicationContext.java:296] - Root WebApplicationContext: initialization completed in 858 ms
2023-12-27 10:33:37.748 INFO [main][DirectJDKLog.java:173] - Starting ProtocolHandler ["http-nio-8080"]
2023-12-27 10:33:37.756 INFO [main][TomcatWebServer.java:221] - Tomcat started on port 8080 (http) with context path ''
2023-12-27 10:33:37.763 INFO [main][StartupInfoLogger.java:56] - Started Springboot01Application in 1.98 seconds (process running for 4.36)
2023-12-27 10:33:44.200 INFO [http-nio-8080-exec-1][DirectJDKLog.java:173] - Initializing Spring DispatcherServlet 'dispatcherServlet'
2023-12-27 10:33:44.200 INFO [http-nio-8080-exec-1][FrameworkServlet.java:532] - Initializing Servlet 'dispatcherServlet'
2023-12-27 10:33:44.201 INFO [http-nio-8080-exec-1][FrameworkServlet.java:554] - Completed initialization in 1 ms
2023-12-27 10:33:44.390 INFO [http-nio-8080-exec-2][AbstractOpenApiResource.java:401] - Init duration for springdoc-openapi is: 74 ms
2023-12-27 10:38:33.857 INFO [main][StartupInfoLogger.java:50] - Starting Springboot01Application using Java 21.0.1 with PID 3212 (C:\Users\OkabeRintarou\IdeaProjects\SpringBootDemo\springboot_01\target\classes started by OkabeRintarou in C:\Users\OkabeRintarou\IdeaProjects\SpringBootDemo\springboot_01)
2023-12-27 10:38:33.859 INFO [main][SpringApplication.java:653] - No active profile set, falling back to 1 default profile: "default"
2023-12-27 10:38:34.299 INFO [main][RepositoryConfigurationDelegate.java:292] - Multiple Spring Data modules found, entering strict repository configuration mode
2023-12-27 10:38:34.300 INFO [main][RepositoryConfigurationDelegate.java:139] - Bootstrapping Spring Data Redis repositories in DEFAULT mode.
2023-12-27 10:38:34.317 INFO [main][RepositoryConfigurationDelegate.java:208] - Finished Spring Data repository scanning in 3 ms. Found 0 Redis repository interfaces.
2023-12-27 10:38:34.593 INFO [main][TomcatWebServer.java:108] - Tomcat initialized with port 8080 (http)
2023-12-27 10:38:34.598 INFO [main][DirectJDKLog.java:173] - Initializing ProtocolHandler ["http-nio-8080"]
2023-12-27 10:38:34.599 INFO [main][DirectJDKLog.java:173] - Starting service [Tomcat]
2023-12-27 10:38:34.600 INFO [main][DirectJDKLog.java:173] - Starting Servlet engine: [Apache Tomcat/10.1.16]
2023-12-27 10:38:34.634 INFO [main][DirectJDKLog.java:173] - Initializing Spring embedded WebApplicationContext
2023-12-27 10:38:34.635 INFO [main][ServletWebServerApplicationContext.java:296] - Root WebApplicationContext: initialization completed in 749 ms
2023-12-27 10:38:35.416 INFO [main][DirectJDKLog.java:173] - Starting ProtocolHandler ["http-nio-8080"]
2023-12-27 10:38:35.423 INFO [main][TomcatWebServer.java:221] - Tomcat started on port 8080 (http) with context path ''
2023-12-27 10:38:35.430 INFO [main][StartupInfoLogger.java:56] - Started Springboot01Application in 1.774 seconds (process running for 6.32)
2023-12-27 10:38:39.599 INFO [http-nio-8080-exec-1][DirectJDKLog.java:173] - Initializing Spring DispatcherServlet 'dispatcherServlet'
2023-12-27 10:38:39.599 INFO [http-nio-8080-exec-1][FrameworkServlet.java:532] - Initializing Servlet 'dispatcherServlet'
2023-12-27 10:38:39.600 INFO [http-nio-8080-exec-1][FrameworkServlet.java:554] - Completed initialization in 1 ms
2023-12-27 10:38:39.779 INFO [http-nio-8080-exec-6][AbstractOpenApiResource.java:401] - Init duration for springdoc-openapi is: 71 ms
2023-12-27 10:38:54.774 INFO [main][StartupInfoLogger.java:50] - Starting Springboot01Application using Java 21.0.1 with PID 20540 (C:\Users\OkabeRintarou\IdeaProjects\SpringBootDemo\springboot_01\target\classes started by OkabeRintarou in C:\Users\OkabeRintarou\IdeaProjects\SpringBootDemo\springboot_01)
2023-12-27 10:38:54.776 INFO [main][SpringApplication.java:653] - No active profile set, falling back to 1 default profile: "default"
2023-12-27 10:38:55.175 INFO [main][RepositoryConfigurationDelegate.java:292] - Multiple Spring Data modules found, entering strict repository configuration mode
2023-12-27 10:38:55.176 INFO [main][RepositoryConfigurationDelegate.java:139] - Bootstrapping Spring Data Redis repositories in DEFAULT mode.
2023-12-27 10:38:55.198 INFO [main][RepositoryConfigurationDelegate.java:208] - Finished Spring Data repository scanning in 4 ms. Found 0 Redis repository interfaces.
2023-12-27 10:38:55.478 INFO [main][TomcatWebServer.java:108] - Tomcat initialized with port 8080 (http)
2023-12-27 10:38:55.482 INFO [main][DirectJDKLog.java:173] - Initializing ProtocolHandler ["http-nio-8080"]
2023-12-27 10:38:55.483 INFO [main][DirectJDKLog.java:173] - Starting service [Tomcat]
2023-12-27 10:38:55.483 INFO [main][DirectJDKLog.java:173] - Starting Servlet engine: [Apache Tomcat/10.1.16]
2023-12-27 10:38:55.523 INFO [main][DirectJDKLog.java:173] - Initializing Spring embedded WebApplicationContext
2023-12-27 10:38:55.523 INFO [main][ServletWebServerApplicationContext.java:296] - Root WebApplicationContext: initialization completed in 718 ms
2023-12-27 10:38:56.275 INFO [main][DirectJDKLog.java:173] - Starting ProtocolHandler ["http-nio-8080"]
2023-12-27 10:38:56.282 INFO [main][TomcatWebServer.java:221] - Tomcat started on port 8080 (http) with context path ''
2023-12-27 10:38:56.289 INFO [main][StartupInfoLogger.java:56] - Started Springboot01Application in 1.696 seconds (process running for 2.176)
2023-12-27 10:38:59.200 INFO [http-nio-8080-exec-1][DirectJDKLog.java:173] - Initializing Spring DispatcherServlet 'dispatcherServlet'
2023-12-27 10:38:59.200 INFO [http-nio-8080-exec-1][FrameworkServlet.java:532] - Initializing Servlet 'dispatcherServlet'
2023-12-27 10:38:59.201 INFO [http-nio-8080-exec-1][FrameworkServlet.java:554] - Completed initialization in 1 ms
2023-12-27 10:38:59.388 INFO [http-nio-8080-exec-4][AbstractOpenApiResource.java:401] - Init duration for springdoc-openapi is: 71 ms
2023-12-27 10:51:51.337 INFO [main][StartupInfoLogger.java:50] - Starting Springboot01Application using Java 21.0.1 with PID 22284 (C:\Users\OkabeRintarou\IdeaProjects\SpringBootDemo\springboot_01\target\classes started by OkabeRintarou in C:\Users\OkabeRintarou\IdeaProjects\SpringBootDemo\springboot_01)
2023-12-27 10:51:51.338 INFO [main][SpringApplication.java:653] - No active profile set, falling back to 1 default profile: "default"
2023-12-27 10:51:51.710 INFO [main][RepositoryConfigurationDelegate.java:292] - Multiple Spring Data modules found, entering strict repository configuration mode
2023-12-27 10:51:51.711 INFO [main][RepositoryConfigurationDelegate.java:139] - Bootstrapping Spring Data Redis repositories in DEFAULT mode.
2023-12-27 10:51:51.734 INFO [main][RepositoryConfigurationDelegate.java:208] - Finished Spring Data repository scanning in 3 ms. Found 0 Redis repository interfaces.
2023-12-27 10:51:52.007 INFO [main][TomcatWebServer.java:108] - Tomcat initialized with port 8080 (http)
2023-12-27 10:51:52.012 INFO [main][DirectJDKLog.java:173] - Initializing ProtocolHandler ["http-nio-8080"]
2023-12-27 10:51:52.013 INFO [main][DirectJDKLog.java:173] - Starting service [Tomcat]
2023-12-27 10:51:52.013 INFO [main][DirectJDKLog.java:173] - Starting Servlet engine: [Apache Tomcat/10.1.16]
2023-12-27 10:51:52.055 INFO [main][DirectJDKLog.java:173] - Initializing Spring embedded WebApplicationContext
2023-12-27 10:51:52.055 INFO [main][ServletWebServerApplicationContext.java:296] - Root WebApplicationContext: initialization completed in 688 ms
2023-12-27 10:51:52.800 INFO [main][DirectJDKLog.java:173] - Starting ProtocolHandler ["http-nio-8080"]
2023-12-27 10:51:52.806 INFO [main][TomcatWebServer.java:221] - Tomcat started on port 8080 (http) with context path ''
2023-12-27 10:51:52.813 INFO [main][StartupInfoLogger.java:56] - Started Springboot01Application in 1.657 seconds (process running for 2.139)
2023-12-27 10:52:03.721 INFO [http-nio-8080-exec-1][DirectJDKLog.java:173] - Initializing Spring DispatcherServlet 'dispatcherServlet'
2023-12-27 10:52:03.721 INFO [http-nio-8080-exec-1][FrameworkServlet.java:532] - Initializing Servlet 'dispatcherServlet'
2023-12-27 10:52:03.722 INFO [http-nio-8080-exec-1][FrameworkServlet.java:554] - Completed initialization in 1 ms
2023-12-27 10:52:03.939 INFO [http-nio-8080-exec-3][AbstractOpenApiResource.java:401] - Init duration for springdoc-openapi is: 67 ms
2023-12-27 10:54:25.333 INFO [main][StartupInfoLogger.java:50] - Starting Springboot01Application using Java 21.0.1 with PID 18156 (C:\Users\OkabeRintarou\IdeaProjects\SpringBootDemo\springboot_01\target\classes started by OkabeRintarou in C:\Users\OkabeRintarou\IdeaProjects\SpringBootDemo\springboot_01)
2023-12-27 10:54:25.336 INFO [main][SpringApplication.java:653] - No active profile set, falling back to 1 default profile: "default"
2023-12-27 10:54:25.704 INFO [main][RepositoryConfigurationDelegate.java:292] - Multiple Spring Data modules found, entering strict repository configuration mode
2023-12-27 10:54:25.705 INFO [main][RepositoryConfigurationDelegate.java:139] - Bootstrapping Spring Data Redis repositories in DEFAULT mode.
2023-12-27 10:54:25.724 INFO [main][RepositoryConfigurationDelegate.java:208] - Finished Spring Data repository scanning in 4 ms. Found 0 Redis repository interfaces.
2023-12-27 10:54:26.023 INFO [main][TomcatWebServer.java:108] - Tomcat initialized with port 8080 (http)
2023-12-27 10:54:26.027 INFO [main][DirectJDKLog.java:173] - Initializing ProtocolHandler ["http-nio-8080"]
2023-12-27 10:54:26.028 INFO [main][DirectJDKLog.java:173] - Starting service [Tomcat]
2023-12-27 10:54:26.029 INFO [main][DirectJDKLog.java:173] - Starting Servlet engine: [Apache Tomcat/10.1.16]
2023-12-27 10:54:26.069 INFO [main][DirectJDKLog.java:173] - Initializing Spring embedded WebApplicationContext
2023-12-27 10:54:26.069 INFO [main][ServletWebServerApplicationContext.java:296] - Root WebApplicationContext: initialization completed in 706 ms
2023-12-27 10:54:26.815 INFO [main][DirectJDKLog.java:173] - Starting ProtocolHandler ["http-nio-8080"]
2023-12-27 10:54:26.821 INFO [main][TomcatWebServer.java:221] - Tomcat started on port 8080 (http) with context path ''
2023-12-27 10:54:26.828 INFO [main][StartupInfoLogger.java:56] - Started Springboot01Application in 1.677 seconds (process running for 2.154)
2023-12-27 10:56:34.175 INFO [http-nio-8080-exec-1][DirectJDKLog.java:173] - Initializing Spring DispatcherServlet 'dispatcherServlet'
2023-12-27 10:56:34.175 INFO [http-nio-8080-exec-1][FrameworkServlet.java:532] - Initializing Servlet 'dispatcherServlet'
2023-12-27 10:56:34.176 INFO [http-nio-8080-exec-1][FrameworkServlet.java:554] - Completed initialization in 1 ms
2023-12-27 10:56:34.398 INFO [http-nio-8080-exec-10][AbstractOpenApiResource.java:401] - Init duration for springdoc-openapi is: 69 ms
2023-12-27 11:12:06.615 INFO [main][StartupInfoLogger.java:50] - Starting Springboot01Application using Java 21.0.1 with PID 3048 (C:\Users\OkabeRintarou\IdeaProjects\SpringBootDemo\springboot_01\target\classes started by OkabeRintarou in C:\Users\OkabeRintarou\IdeaProjects\SpringBootDemo\springboot_01)
2023-12-27 11:12:06.615 INFO [main][SpringApplication.java:653] - No active profile set, falling back to 1 default profile: "default"
2023-12-27 11:12:07.014 INFO [main][RepositoryConfigurationDelegate.java:292] - Multiple Spring Data modules found, entering strict repository configuration mode
2023-12-27 11:12:07.014 INFO [main][RepositoryConfigurationDelegate.java:139] - Bootstrapping Spring Data Redis repositories in DEFAULT mode.
2023-12-27 11:12:07.046 INFO [main][RepositoryConfigurationDelegate.java:208] - Finished Spring Data repository scanning in 5 ms. Found 0 Redis repository interfaces.
2023-12-27 11:12:07.328 INFO [main][TomcatWebServer.java:108] - Tomcat initialized with port 8080 (http)
2023-12-27 11:12:07.328 INFO [main][DirectJDKLog.java:173] - Initializing ProtocolHandler ["http-nio-8080"]
2023-12-27 11:12:07.340 INFO [main][DirectJDKLog.java:173] - Starting service [Tomcat]
2023-12-27 11:12:07.340 INFO [main][DirectJDKLog.java:173] - Starting Servlet engine: [Apache Tomcat/10.1.16]
2023-12-27 11:12:07.375 INFO [main][DirectJDKLog.java:173] - Initializing Spring embedded WebApplicationContext
2023-12-27 11:12:07.375 INFO [main][ServletWebServerApplicationContext.java:296] - Root WebApplicationContext: initialization completed in 736 ms
2023-12-27 11:12:08.129 INFO [main][DirectJDKLog.java:173] - Starting ProtocolHandler ["http-nio-8080"]
2023-12-27 11:12:08.135 INFO [main][TomcatWebServer.java:221] - Tomcat started on port 8080 (http) with context path ''
2023-12-27 11:12:08.143 INFO [main][StartupInfoLogger.java:56] - Started Springboot01Application in 1.716 seconds (process running for 2.183)
2023-12-27 11:12:20.390 INFO [http-nio-8080-exec-1][DirectJDKLog.java:173] - Initializing Spring DispatcherServlet 'dispatcherServlet'
2023-12-27 11:12:20.390 INFO [http-nio-8080-exec-1][FrameworkServlet.java:532] - Initializing Servlet 'dispatcherServlet'
2023-12-27 11:12:20.391 INFO [http-nio-8080-exec-1][FrameworkServlet.java:554] - Completed initialization in 1 ms
2023-12-27 11:12:20.696 INFO [http-nio-8080-exec-3][AbstractOpenApiResource.java:401] - Init duration for springdoc-openapi is: 122 ms
2023-12-27 11:32:00.028 INFO [pool-2-thread-3][BatchServiceImpl.java:88] - Processing File...
2023-12-27 11:32:00.028 INFO [pool-2-thread-2][BatchServiceImpl.java:88] - Processing File...
2023-12-27 11:32:00.778 INFO [scheduling-1][BatchServiceImpl.java:51] - : org.springframework.web.reactive.function.client.WebClientRequestException: Connection refused: no further information: /127.0.0.1:7861
2023-12-27 14:02:29.019 INFO [main][StartupInfoLogger.java:50] - Starting Springboot01Application using Java 21.0.1 with PID 3352 (C:\Users\OkabeRintarou\IdeaProjects\SpringBootDemo\springboot_01\target\classes started by OkabeRintarou in C:\Users\OkabeRintarou\IdeaProjects\SpringBootDemo\springboot_01)
2023-12-27 14:02:29.022 INFO [main][SpringApplication.java:653] - No active profile set, falling back to 1 default profile: "default"
2023-12-27 14:02:29.540 INFO [main][RepositoryConfigurationDelegate.java:292] - Multiple Spring Data modules found, entering strict repository configuration mode
2023-12-27 14:02:29.542 INFO [main][RepositoryConfigurationDelegate.java:139] - Bootstrapping Spring Data Redis repositories in DEFAULT mode.
2023-12-27 14:02:29.561 INFO [main][RepositoryConfigurationDelegate.java:208] - Finished Spring Data repository scanning in 3 ms. Found 0 Redis repository interfaces.
2023-12-27 14:02:29.890 INFO [main][TomcatWebServer.java:108] - Tomcat initialized with port 8080 (http)
2023-12-27 14:02:29.894 INFO [main][DirectJDKLog.java:173] - Initializing ProtocolHandler ["http-nio-8080"]
2023-12-27 14:02:29.896 INFO [main][DirectJDKLog.java:173] - Starting service [Tomcat]
2023-12-27 14:02:29.896 INFO [main][DirectJDKLog.java:173] - Starting Servlet engine: [Apache Tomcat/10.1.16]
2023-12-27 14:02:29.932 INFO [main][DirectJDKLog.java:173] - Initializing Spring embedded WebApplicationContext
2023-12-27 14:02:29.932 INFO [main][ServletWebServerApplicationContext.java:296] - Root WebApplicationContext: initialization completed in 877 ms
2023-12-27 14:02:30.768 INFO [main][DirectJDKLog.java:173] - Starting ProtocolHandler ["http-nio-8080"]
2023-12-27 14:02:30.774 INFO [main][TomcatWebServer.java:221] - Tomcat started on port 8080 (http) with context path ''
2023-12-27 14:02:30.782 INFO [main][StartupInfoLogger.java:56] - Started Springboot01Application in 1.984 seconds (process running for 2.604)
2023-12-27 14:02:46.934 INFO [http-nio-8080-exec-1][DirectJDKLog.java:173] - Initializing Spring DispatcherServlet 'dispatcherServlet'
2023-12-27 14:02:46.934 INFO [http-nio-8080-exec-1][FrameworkServlet.java:532] - Initializing Servlet 'dispatcherServlet'
2023-12-27 14:02:46.936 INFO [http-nio-8080-exec-1][FrameworkServlet.java:554] - Completed initialization in 2 ms
2023-12-27 14:02:47.233 INFO [http-nio-8080-exec-9][AbstractOpenApiResource.java:401] - Init duration for springdoc-openapi is: 148 ms
2023-12-27 14:22:34.049 INFO [main][StartupInfoLogger.java:50] - Starting Springboot01Application using Java 21.0.1 with PID 2544 (C:\Users\OkabeRintarou\IdeaProjects\SpringBootDemo\springboot_01\target\classes started by OkabeRintarou in C:\Users\OkabeRintarou\IdeaProjects\SpringBootDemo\springboot_01)
2023-12-27 14:22:34.050 INFO [main][SpringApplication.java:653] - No active profile set, falling back to 1 default profile: "default"
2023-12-27 14:22:34.472 INFO [main][RepositoryConfigurationDelegate.java:292] - Multiple Spring Data modules found, entering strict repository configuration mode
2023-12-27 14:22:34.473 INFO [main][RepositoryConfigurationDelegate.java:139] - Bootstrapping Spring Data Redis repositories in DEFAULT mode.
2023-12-27 14:22:34.488 INFO [main][RepositoryConfigurationDelegate.java:208] - Finished Spring Data repository scanning in 4 ms. Found 0 Redis repository interfaces.
2023-12-27 14:22:34.775 INFO [main][TomcatWebServer.java:108] - Tomcat initialized with port 8080 (http)
2023-12-27 14:22:34.781 INFO [main][DirectJDKLog.java:173] - Initializing ProtocolHandler ["http-nio-8080"]
2023-12-27 14:22:34.782 INFO [main][DirectJDKLog.java:173] - Starting service [Tomcat]
2023-12-27 14:22:34.782 INFO [main][DirectJDKLog.java:173] - Starting Servlet engine: [Apache Tomcat/10.1.16]
2023-12-27 14:22:34.823 INFO [main][DirectJDKLog.java:173] - Initializing Spring embedded WebApplicationContext
2023-12-27 14:22:34.823 INFO [main][ServletWebServerApplicationContext.java:296] - Root WebApplicationContext: initialization completed in 746 ms
2023-12-27 14:22:35.056 INFO [main][AutowiredAnnotationBeanPostProcessor.java:562] - Autowired annotation is not supported on static fields: private static org.springframework.data.redis.core.RedisTemplate com.springboottest.springboot_01.util.FileUtil.redisTemplate
2023-12-27 14:22:35.573 INFO [main][DirectJDKLog.java:173] - Starting ProtocolHandler ["http-nio-8080"]
2023-12-27 14:22:35.579 INFO [main][TomcatWebServer.java:221] - Tomcat started on port 8080 (http) with context path ''
2023-12-27 14:22:35.587 INFO [main][StartupInfoLogger.java:56] - Started Springboot01Application in 1.731 seconds (process running for 2.253)
2023-12-27 14:23:15.108 INFO [http-nio-8080-exec-1][DirectJDKLog.java:173] - Initializing Spring DispatcherServlet 'dispatcherServlet'
2023-12-27 14:23:15.108 INFO [http-nio-8080-exec-1][FrameworkServlet.java:532] - Initializing Servlet 'dispatcherServlet'
2023-12-27 14:23:15.110 INFO [http-nio-8080-exec-1][FrameworkServlet.java:554] - Completed initialization in 2 ms
2023-12-27 14:23:15.435 INFO [http-nio-8080-exec-8][AbstractOpenApiResource.java:401] - Init duration for springdoc-openapi is: 156 ms
2023-12-27 14:23:34.867 INFO [pool-4-thread-2][ChatServiceImpl.java:49] - Uploaded Filename: test_doc.docx
2023-12-27 14:23:34.867 INFO [pool-4-thread-3][ChatServiceImpl.java:49] - Uploaded Filename: test_db.docx
2023-12-27 14:23:35.483 INFO [pool-4-thread-3][ChatServiceImpl.java:55] - User Message: 1 [1]2 Software testingSoftware life cycle1983IEEE[2]3 [3]4 Do the right thingDo it right Doing the right things right at the right time.Quality is defined as conformance to requirements, not as goodness or elegance.Quality also means meet customer needs.[4]1Bug2345Test case[5]6 ,,,,,,;,,,,,
2023-12-27 14:23:35.483 INFO [pool-4-thread-2][ChatServiceImpl.java:55] - User Message: 1. 2. 2.1 Spring CloudNetflix EurekaRESTful APIDocker2.2 SeataSeataIDKafka2.3 APIAPISpring Cloud GatewayAPIAPISpring SecuritySwaggerAPIAPI3. 3.1 Spring CloudRESTful APIDDDCQRS3.2 HystrixHystrix3.3 Apache Kafka4. 4.1 IntelliJ IDEAIDEIntelliJ IDEAGitGitFlowJavaLombokJava4.2 MySQLRDBMSMySQLFlywayFlywayRedisRedis4.3 JenkinsCIJenkinsCIMavenDockerDockerKubernetesKubernetesHelmKubernetes4.4 KubernetesKubernetesDockerKubernetesKubernetesHelmKubernetesHelm ChartsKubernetesHelm5. 5.1 JUnitMockitoJUnitMockitoTestContainersJaCoCoJaCoCo5.2 Spring Cloud ContractDocker ComposeDocker ComposeSelenium5.3 Apache JMeterPrometheusGrafanaLocust5.4 OWASP ZAPSonarQube6. 6.2 OAuth 2.0OAuth 2.0JWTJSON Web TokenSpring SecuritySpring SecurityOpenID ConnectOAuth 2.0OpenID ConnectOAuth 2.06.3 ELK StackElasticsearch, Logstash, KibanaELK StackKibana6.4 PrometheusGrafanaSplunk7. 
2023-12-27 14:26:39.864 INFO [pool-4-thread-2][ChatServiceImpl.java:61] - Response from server: 1. API2. CQRS3. IntelliJ IDEAGitJenkins4. 5. 
2023-12-27 14:27:24.668 INFO [pool-4-thread-3][ChatServiceImpl.java:61] - Response from server: 1. 2. 3. 4. 5. 
2023-12-27 14:27:38.701 INFO [ForkJoinPool.commonPool-worker-3][FileUtil.java:120] - {"answer": "", "docs": [" [1] [test_db.docx](/knowledge_base/download_doc?knowledge_base_name=test1&file_name=test_db.docx) \n\n4\n\n5\n\n", " [2] [test_db.docx](/knowledge_base/download_doc?knowledge_base_name=test1&file_name=test_db.docx) \n\n\n\n", " [3] [test_db.docx](/knowledge_base/download_doc?knowledge_base_name=test1&file_name=test_db.docx) \n\n3\n4\n\n\n"]}
2023-12-27 14:29:52.659 INFO [ForkJoinPool.commonPool-worker-4][FileUtil.java:120] - {"answer": "****\n\n\n\n\n\n\n\n****\n\n\n\n\n\n", "docs": [" [1] [test_db.docx](/knowledge_base/download_doc?knowledge_base_name=test1&file_name=test_db.docx) \n\n4\n\n5\n\n", " [2] [test_db.docx](/knowledge_base/download_doc?knowledge_base_name=test1&file_name=test_db.docx) \n\n\n\n", " [3] [test_db.docx](/knowledge_base/download_doc?knowledge_base_name=test1&file_name=test_db.docx) \n\nDo the right thing\n\n"]}
2023-12-27 14:36:58.894 INFO [main][StartupInfoLogger.java:50] - Starting Springboot01Application using Java 21.0.1 with PID 11424 (C:\Users\OkabeRintarou\IdeaProjects\SpringBootDemo\springboot_01\target\classes started by OkabeRintarou in C:\Users\OkabeRintarou\IdeaProjects\SpringBootDemo\springboot_01)
2023-12-27 14:36:58.896 INFO [main][SpringApplication.java:653] - No active profile set, falling back to 1 default profile: "default"
2023-12-27 14:36:59.355 INFO [main][RepositoryConfigurationDelegate.java:292] - Multiple Spring Data modules found, entering strict repository configuration mode
2023-12-27 14:36:59.357 INFO [main][RepositoryConfigurationDelegate.java:139] - Bootstrapping Spring Data Redis repositories in DEFAULT mode.
2023-12-27 14:36:59.387 INFO [main][RepositoryConfigurationDelegate.java:208] - Finished Spring Data repository scanning in 3 ms. Found 0 Redis repository interfaces.
2023-12-27 14:36:59.704 INFO [main][TomcatWebServer.java:108] - Tomcat initialized with port 8080 (http)
2023-12-27 14:36:59.712 INFO [main][DirectJDKLog.java:173] - Initializing ProtocolHandler ["http-nio-8080"]
2023-12-27 14:36:59.714 INFO [main][DirectJDKLog.java:173] - Starting service [Tomcat]
2023-12-27 14:36:59.714 INFO [main][DirectJDKLog.java:173] - Starting Servlet engine: [Apache Tomcat/10.1.16]
2023-12-27 14:36:59.755 INFO [main][DirectJDKLog.java:173] - Initializing Spring embedded WebApplicationContext
2023-12-27 14:36:59.755 INFO [main][ServletWebServerApplicationContext.java:296] - Root WebApplicationContext: initialization completed in 828 ms
2023-12-27 14:37:00.022 INFO [main][AutowiredAnnotationBeanPostProcessor.java:562] - Autowired annotation is not supported on static fields: private static org.springframework.data.redis.core.RedisTemplate com.springboottest.springboot_01.util.FileUtil.redisTemplate
2023-12-27 14:37:00.596 INFO [main][DirectJDKLog.java:173] - Starting ProtocolHandler ["http-nio-8080"]
2023-12-27 14:37:00.602 INFO [main][TomcatWebServer.java:221] - Tomcat started on port 8080 (http) with context path ''
2023-12-27 14:37:00.610 INFO [main][StartupInfoLogger.java:56] - Started Springboot01Application in 1.939 seconds (process running for 2.593)
2023-12-27 14:37:09.279 INFO [http-nio-8080-exec-1][DirectJDKLog.java:173] - Initializing Spring DispatcherServlet 'dispatcherServlet'
2023-12-27 14:37:09.279 INFO [http-nio-8080-exec-1][FrameworkServlet.java:532] - Initializing Servlet 'dispatcherServlet'
2023-12-27 14:37:09.280 INFO [http-nio-8080-exec-1][FrameworkServlet.java:554] - Completed initialization in 1 ms
2023-12-27 14:37:09.609 INFO [http-nio-8080-exec-4][AbstractOpenApiResource.java:401] - Init duration for springdoc-openapi is: 71 ms
2023-12-27 14:37:19.436 INFO [pool-3-thread-3][ChatServiceImpl.java:49] - Uploaded Filename: test_db.docx
2023-12-27 14:37:19.436 INFO [pool-3-thread-2][ChatServiceImpl.java:49] - Uploaded Filename: test_doc.docx
2023-12-27 14:37:19.957 INFO [pool-3-thread-3][ChatServiceImpl.java:55] - User Message: 1 [1]2 Software testingSoftware life cycle1983IEEE[2]3 [3]4 Do the right thingDo it right Doing the right things right at the right time.Quality is defined as conformance to requirements, not as goodness or elegance.Quality also means meet customer needs.[4]1Bug2345Test case[5]6 ,,,,,,;,,,,,
2023-12-27 14:37:19.957 INFO [pool-3-thread-2][ChatServiceImpl.java:55] - User Message: 1. 2. 2.1 Spring CloudNetflix EurekaRESTful APIDocker2.2 SeataSeataIDKafka2.3 APIAPISpring Cloud GatewayAPIAPISpring SecuritySwaggerAPIAPI3. 3.1 Spring CloudRESTful APIDDDCQRS3.2 HystrixHystrix3.3 Apache Kafka4. 4.1 IntelliJ IDEAIDEIntelliJ IDEAGitGitFlowJavaLombokJava4.2 MySQLRDBMSMySQLFlywayFlywayRedisRedis4.3 JenkinsCIJenkinsCIMavenDockerDockerKubernetesKubernetesHelmKubernetes4.4 KubernetesKubernetesDockerKubernetesKubernetesHelmKubernetesHelm ChartsKubernetesHelm5. 5.1 JUnitMockitoJUnitMockitoTestContainersJaCoCoJaCoCo5.2 Spring Cloud ContractDocker ComposeDocker ComposeSelenium5.3 Apache JMeterPrometheusGrafanaLocust5.4 OWASP ZAPSonarQube6. 6.2 OAuth 2.0OAuth 2.0JWTJSON Web TokenSpring SecuritySpring SecurityOpenID ConnectOAuth 2.0OpenID ConnectOAuth 2.06.3 ELK StackElasticsearch, Logstash, KibanaELK StackKibana6.4 PrometheusGrafanaSplunk7. 
2023-12-27 14:51:45.565 INFO [main][StartupInfoLogger.java:50] - Starting Springboot01Application using Java 21.0.1 with PID 5032 (C:\Users\OkabeRintarou\IdeaProjects\SpringBootDemo\springboot_01\target\classes started by OkabeRintarou in C:\Users\OkabeRintarou\IdeaProjects\SpringBootDemo\springboot_01)
2023-12-27 14:51:45.568 INFO [main][SpringApplication.java:653] - No active profile set, falling back to 1 default profile: "default"
2023-12-27 14:51:46.227 INFO [main][RepositoryConfigurationDelegate.java:292] - Multiple Spring Data modules found, entering strict repository configuration mode
2023-12-27 14:51:46.229 INFO [main][RepositoryConfigurationDelegate.java:139] - Bootstrapping Spring Data Redis repositories in DEFAULT mode.
2023-12-27 14:51:46.255 INFO [main][RepositoryConfigurationDelegate.java:208] - Finished Spring Data repository scanning in 5 ms. Found 0 Redis repository interfaces.
2023-12-27 14:51:46.644 INFO [main][TomcatWebServer.java:108] - Tomcat initialized with port 8080 (http)
2023-12-27 14:51:46.651 INFO [main][DirectJDKLog.java:173] - Initializing ProtocolHandler ["http-nio-8080"]
2023-12-27 14:51:46.653 INFO [main][DirectJDKLog.java:173] - Starting service [Tomcat]
2023-12-27 14:51:46.654 INFO [main][DirectJDKLog.java:173] - Starting Servlet engine: [Apache Tomcat/10.1.16]
2023-12-27 14:51:46.698 INFO [main][DirectJDKLog.java:173] - Initializing Spring embedded WebApplicationContext
2023-12-27 14:51:46.698 INFO [main][ServletWebServerApplicationContext.java:296] - Root WebApplicationContext: initialization completed in 1089 ms
2023-12-27 14:51:47.560 INFO [main][DirectJDKLog.java:173] - Starting ProtocolHandler ["http-nio-8080"]
2023-12-27 14:51:47.568 INFO [main][TomcatWebServer.java:221] - Tomcat started on port 8080 (http) with context path ''
2023-12-27 14:51:47.579 INFO [main][StartupInfoLogger.java:56] - Started Springboot01Application in 2.269 seconds (process running for 3.014)
2023-12-27 14:51:51.149 INFO [http-nio-8080-exec-2][DirectJDKLog.java:173] - Initializing Spring DispatcherServlet 'dispatcherServlet'
2023-12-27 14:51:51.149 INFO [http-nio-8080-exec-2][FrameworkServlet.java:532] - Initializing Servlet 'dispatcherServlet'
2023-12-27 14:51:51.151 INFO [http-nio-8080-exec-2][FrameworkServlet.java:554] - Completed initialization in 2 ms
2023-12-27 14:51:51.379 INFO [http-nio-8080-exec-9][AbstractOpenApiResource.java:401] - Init duration for springdoc-openapi is: 76 ms
2023-12-27 14:52:01.961 INFO [pool-3-thread-2][ChatServiceImpl.java:53] - Uploaded Filename: test_doc.docx
2023-12-27 14:52:01.961 INFO [pool-3-thread-3][ChatServiceImpl.java:53] - Uploaded Filename: test_db.docx
2023-12-27 14:52:02.406 INFO [pool-3-thread-3][ChatServiceImpl.java:59] - User Message: 1 [1]2 Software testingSoftware life cycle1983IEEE[2]3 [3]4 Do the right thingDo it right Doing the right things right at the right time.Quality is defined as conformance to requirements, not as goodness or elegance.Quality also means meet customer needs.[4]1Bug2345Test case[5]6 ,,,,,,;,,,,,
2023-12-27 14:52:02.410 INFO [pool-3-thread-2][ChatServiceImpl.java:59] - User Message: 1. 2. 2.1 Spring CloudNetflix EurekaRESTful APIDocker2.2 SeataSeataIDKafka2.3 APIAPISpring Cloud GatewayAPIAPISpring SecuritySwaggerAPIAPI3. 3.1 Spring CloudRESTful APIDDDCQRS3.2 HystrixHystrix3.3 Apache Kafka4. 4.1 IntelliJ IDEAIDEIntelliJ IDEAGitGitFlowJavaLombokJava4.2 MySQLRDBMSMySQLFlywayFlywayRedisRedis4.3 JenkinsCIJenkinsCIMavenDockerDockerKubernetesKubernetesHelmKubernetes4.4 KubernetesKubernetesDockerKubernetesKubernetesHelmKubernetesHelm ChartsKubernetesHelm5. 5.1 JUnitMockitoJUnitMockitoTestContainersJaCoCoJaCoCo5.2 Spring Cloud ContractDocker ComposeDocker ComposeSelenium5.3 Apache JMeterPrometheusGrafanaLocust5.4 OWASP ZAPSonarQube6. 6.2 OAuth 2.0OAuth 2.0JWTJSON Web TokenSpring SecuritySpring SecurityOpenID ConnectOAuth 2.0OpenID ConnectOAuth 2.06.3 ELK StackElasticsearch, Logstash, KibanaELK StackKibana6.4 PrometheusGrafanaSplunk7. 
2023-12-27 14:55:55.532 INFO [pool-3-thread-2][ChatServiceImpl.java:65] - Response from server: 1. API
2. IntelliJ IDEAGitKubernetes
3. 
4. JMeterPrometheusGrafana
5. 
2023-12-27 14:57:47.862 INFO [ForkJoinPool.commonPool-worker-4][FileUtil.java:124] - {"answer": "", "docs": [" [1] [test_db.docx](/knowledge_base/download_doc?knowledge_base_name=test1&file_name=test_db.docx) \n\n2\n3\n4\n\n", " [2] [test_db.docx](/knowledge_base/download_doc?knowledge_base_name=test1&file_name=test_db.docx) \n\nDo it right\n\n", " [3] [test_db.docx](/knowledge_base/download_doc?knowledge_base_name=test1&file_name=test_db.docx) \n\n\n\n"]}
2023-12-27 14:58:12.396 INFO [pool-3-thread-3][ChatServiceImpl.java:65] - Response from server: 1. 2. 3. 4. Bug5. 6. 
2023-12-27 14:59:02.455 INFO [ForkJoinPool.commonPool-worker-7][FileUtil.java:124] - {"answer": "****\n\n\n\n\n\n", "docs": [" [1] [test_db.docx](/knowledge_base/download_doc?knowledge_base_name=test1&file_name=test_db.docx) \n\n2\n3\n4\n\n", " [2] [test_db.docx](/knowledge_base/download_doc?knowledge_base_name=test1&file_name=test_db.docx) \n\n\n\n", " [3] [test_db.docx](/knowledge_base/download_doc?knowledge_base_name=test1&file_name=test_db.docx) \n\nDo it right\n\n"]}
2023-12-27 14:59:11.245 INFO [ForkJoinPool.commonPool-worker-3][FileUtil.java:124] - {"answer": "****\n\n\n\n\n\n2PC3PC", "docs": [" [1] [test_db.docx](/knowledge_base/download_doc?knowledge_base_name=test1&file_name=test_db.docx) \n\n\n\n", " [2] [test_db.docx](/knowledge_base/download_doc?knowledge_base_name=test1&file_name=test_db.docx) \n\n\n\n", " [3] [test_db.docx](/knowledge_base/download_doc?knowledge_base_name=test1&file_name=test_db.docx) \n\n\n\n"]}
2023-12-27 15:00:18.023 INFO [ForkJoinPool.commonPool-worker-6][FileUtil.java:124] - {"answer": "****\n\n\n\n\n\n\n\n****\n\n\n\n\n\n", "docs": [" [1] [test_db.docx](/knowledge_base/download_doc?knowledge_base_name=test1&file_name=test_db.docx) \n\n\n\n", " [2] [test_db.docx](/knowledge_base/download_doc?knowledge_base_name=test1&file_name=test_db.docx) \n\n4\n\n5\n\n", " [3] [test_db.docx](/knowledge_base/download_doc?knowledge_base_name=test1&file_name=test_db.docx) \n\n3\n4\n\n\n"]}
2023-12-27 15:00:24.380 INFO [ForkJoinPool.commonPool-worker-5][FileUtil.java:124] - {"answer": "****\n\n\n\n\n\n\n\n****\n\n\n\n\n\n", "docs": [" [1] [test_db.docx](/knowledge_base/download_doc?knowledge_base_name=test1&file_name=test_db.docx) \n\n2\n3\n4\n\n", " [2] [test_db.docx](/knowledge_base/download_doc?knowledge_base_name=test1&file_name=test_db.docx) \n\n\n\n", " [3] [test_db.docx](/knowledge_base/download_doc?knowledge_base_name=test1&file_name=test_db.docx) \n\n[3]\n\n"]}
2023-12-27 15:00:43.273 INFO [ForkJoinPool.commonPool-worker-4][FileUtil.java:124] - {"answer": "****\n\n\n\n\n\n", "docs": [" [1] [test_db.docx](/knowledge_base/download_doc?knowledge_base_name=test1&file_name=test_db.docx) \n\n4\n\n5\n\n", " [2] [test_db.docx](/knowledge_base/download_doc?knowledge_base_name=test1&file_name=test_db.docx) \n\n\n\n", " [3] [test_db.docx](/knowledge_base/download_doc?knowledge_base_name=test1&file_name=test_db.docx) \n\nDo the right thing\n\n"]}
