2023-12-29 14:05:39.104 ERROR [http-nio-8080-exec-8][DirectJDKLog.java:175] - Servlet.service() for servlet [dispatcherServlet] threw exception
java.lang.IndexOutOfBoundsException: Index 5 out of bounds for length 5
	at java.base/jdk.internal.util.Preconditions.outOfBounds(Preconditions.java:100) ~[?:?]
	at java.base/jdk.internal.util.Preconditions.outOfBoundsCheckIndex(Preconditions.java:106) ~[?:?]
	at java.base/jdk.internal.util.Preconditions.checkIndex(Preconditions.java:302) ~[?:?]
	at java.base/java.util.Objects.checkIndex(Objects.java:385) ~[?:?]
	at java.base/java.util.ArrayList.get(ArrayList.java:427) ~[?:?]
	at com.springboottest.springboot_01.util.FileUtil.processResponse(FileUtil.java:150) ~[classes/:?]
	at com.springboottest.springboot_01.service.impl.ChatServiceImpl.processFile(ChatServiceImpl.java:68) ~[classes/:?]
	at com.springboottest.springboot_01.service.impl.ChatServiceImpl.lambda$uploadFile$0(ChatServiceImpl.java:109) ~[classes/:?]
	at java.base/java.util.concurrent.CompletableFuture$AsyncSupply.run(CompletableFuture.java:1768) ~[?:?]
	at java.base/java.util.concurrent.ThreadPoolExecutor.runWorker(ThreadPoolExecutor.java:1144) ~[?:?]
	at java.base/java.util.concurrent.ThreadPoolExecutor$Worker.run(ThreadPoolExecutor.java:642) ~[?:?]
	at java.base/java.lang.Thread.run(Thread.java:1583) [?:?]
2023-12-29 14:05:39.128 ERROR [http-nio-8080-exec-8][DirectJDKLog.java:175] - Servlet.service() for servlet [dispatcherServlet] in context with path [] threw exception [Request processing failed: java.lang.IndexOutOfBoundsException: Index 5 out of bounds for length 5] with root cause
java.lang.IndexOutOfBoundsException: Index 5 out of bounds for length 5
	at java.base/jdk.internal.util.Preconditions.outOfBounds(Preconditions.java:100) ~[?:?]
	at java.base/jdk.internal.util.Preconditions.outOfBoundsCheckIndex(Preconditions.java:106) ~[?:?]
	at java.base/jdk.internal.util.Preconditions.checkIndex(Preconditions.java:302) ~[?:?]
	at java.base/java.util.Objects.checkIndex(Objects.java:385) ~[?:?]
	at java.base/java.util.ArrayList.get(ArrayList.java:427) ~[?:?]
	at com.springboottest.springboot_01.util.FileUtil.processResponse(FileUtil.java:150) ~[classes/:?]
	at com.springboottest.springboot_01.service.impl.ChatServiceImpl.processFile(ChatServiceImpl.java:68) ~[classes/:?]
	at com.springboottest.springboot_01.service.impl.ChatServiceImpl.lambda$uploadFile$0(ChatServiceImpl.java:109) ~[classes/:?]
	at java.base/java.util.concurrent.CompletableFuture$AsyncSupply.run(CompletableFuture.java:1768) ~[?:?]
	at java.base/java.util.concurrent.ThreadPoolExecutor.runWorker(ThreadPoolExecutor.java:1144) ~[?:?]
	at java.base/java.util.concurrent.ThreadPoolExecutor$Worker.run(ThreadPoolExecutor.java:642) ~[?:?]
	at java.base/java.lang.Thread.run(Thread.java:1583) [?:?]
2023-12-29 14:37:26.623 WARN [http-nio-8080-exec-6][AbstractHandlerExceptionResolver.java:227] - Resolved [org.springframework.web.context.request.async.AsyncRequestTimeoutException]
